Imprimir (Ctrl+P)

Cortar (Ctrl+X)

Itálico (Ctrl+I)

Cortar (Ctrl+X)
Copiar (Ctrl+C)
Colar (Ctrl+V)
Clonar formatação (clique duplo para multi-seleção)

Cor da fonte
Cor do plano de fundo

Alinhar à esquerda (Ctrl+L)
Centralizar horizontalmente (Ctrl+E)
Alinhar à direita (Ctrl+R)

Moldar texto
Mesclar e centralizar células

Alinhar em cima
Mesclar e centralizar células
Moldar texto
Alinhar à direita (Ctrl+R)
Alinhar à esquerda (Ctrl+L)
Cor do plano de fundo
Cor da fonte
Sublinhado (Ctrl+U)
Itálico (Ctrl+I)
Negrito (Ctrl+B)

Exportar como PDF

Salvar (Ctrl+S)
Abrir (Ctrl+O)

Novo (Ctrl+N)

Caixa de nome

Nome da fonte

Salvar (Ctrl+S)

Exportar como PDF
Imprimir (Ctrl+P)
Exportar como PDF

Salvar (Ctrl+S)
Abrir (Ctrl+O)

